<?xml version="1.0" encoding="UTF-8"?>
<!-- Generated by org.testng.reporters.JUnitReportReporter -->
<testsuite hostname="DESKTOP-UE4DDJG" failures="0" tests="1" name="com.verizon.DDTestingApp.LoginTest" time="0.000" errors="0" timestamp="2024-08-22T20:25:15 IST" skipped="1">
  <testcase classname="com.verizon.DDTestingApp.LoginTest" name="testLogin" time="0.000">
    <skipped/>
  </testcase> <!-- testLogin -->
  <system-out/>
</testsuite> <!-- com.verizon.DDTestingApp.LoginTest -->
