<?xml version="1.0" encoding="UTF-8"?>
<!-- Generated by org.testng.reporters.JUnitReportReporter -->
<testsuite hostname="DESKTOP-UE4DDJG" failures="0" tests="2" name="com.verizon.DDTestingApp.DPApp1" time="0.010" errors="0" timestamp="2024-08-22T19:33:12 IST" skipped="0">
  <testcase classname="com.verizon.DDTestingApp.DPApp1" name="myTest" time="0.009"/>
  <system-out/>
  <testcase classname="com.verizon.DDTestingApp.DPApp1" name="myTest" time="0.001"/>
  <system-out/>
</testsuite> <!-- com.verizon.DDTestingApp.DPApp1 -->
