<?xml version="1.0" encoding="UTF-8"?>
<!-- Generated by org.testng.reporters.JUnitReportReporter -->
<testsuite hostname="DESKTOP-OSNMF54" failures="0" tests="6" name="com.verizon.DDTestingApp.ParameterByDataProvider" time="18.458" errors="0" timestamp="2024-08-23T14:44:13 IST" skipped="0">
  <testcase classname="com.verizon.DDTestingApp.ParameterByDataProvider" name="testMethod" time="3.100"/>
  <system-out/>
  <testcase classname="com.verizon.DDTestingApp.ParameterByDataProvider" name="testMethod" time="3.105"/>
  <system-out/>
  <testcase classname="com.verizon.DDTestingApp.ParameterByDataProvider" name="testMethod" time="3.059"/>
  <system-out/>
  <testcase classname="com.verizon.DDTestingApp.ParameterByDataProvider" name="testMethod" time="3.045"/>
  <system-out/>
  <testcase classname="com.verizon.DDTestingApp.ParameterByDataProvider" name="testMethod" time="3.090"/>
  <system-out/>
  <testcase classname="com.verizon.DDTestingApp.ParameterByDataProvider" name="testMethod" time="3.059"/>
  <system-out/>
</testsuite> <!-- com.verizon.DDTestingApp.ParameterByDataProvider -->
