<?xml version="1.0" encoding="UTF-8"?>
<!-- Generated by org.testng.reporters.JUnitReportReporter -->
<testsuite hostname="DESKTOP-UE4DDJG" failures="0" tests="4" name="com.com.tms.PlanTest1" time="0.006" errors="0" timestamp="2024-08-23T10:15:08 IST" skipped="0">
  <testcase classname="com.com.tms.PlanTest1" name="f" time="0.003"/>
  <system-out/>
  <testcase classname="com.com.tms.PlanTest1" name="f" time="0.001"/>
  <system-out/>
  <testcase classname="com.com.tms.PlanTest1" name="f" time="0.001"/>
  <system-out/>
  <testcase classname="com.com.tms.PlanTest1" name="f" time="0.001"/>
  <system-out/>
</testsuite> <!-- com.com.tms.PlanTest1 -->
