<?xml version="1.0" encoding="UTF-8"?>
<!-- Generated by org.testng.reporters.JUnitReportReporter -->
<testsuite hostname="DESKTOP-UE4DDJG" failures="0" tests="1" name="com.tms.PlanTest" time="0.018" errors="0" timestamp="2024-08-23T10:08:23 IST" skipped="0">
  <testcase classname="com.tms.PlanTest" name="f" time="0.018"/>
  <system-out/>
</testsuite> <!-- com.tms.PlanTest -->
