<?xml version="1.0" encoding="UTF-8"?>
<!-- Generated by org.testng.reporters.JUnitReportReporter -->
<testsuite hostname="DESKTOP-UE4DDJG" failures="0" tests="6" name="com.com.verizon.LoginTest" time="0.020" errors="0" timestamp="2024-08-23T10:35:41 IST" skipped="0">
  <testcase classname="com.com.verizon.LoginTest" name="loginTest" time="0.000"/>
  <system-out/>
  <testcase classname="com.com.verizon.LoginTest" name="f" time="0.001"/>
  <system-out/>
  <testcase classname="com.com.verizon.LoginTest" name="loginTest" time="0.001"/>
  <system-out/>
  <testcase classname="com.com.verizon.LoginTest" name="f" time="0.009"/>
  <system-out/>
  <testcase classname="com.com.verizon.LoginTest" name="loginTest" time="0.008"/>
  <system-out/>
  <testcase classname="com.com.verizon.LoginTest" name="f" time="0.001"/>
  <system-out/>
</testsuite> <!-- com.com.verizon.LoginTest -->
