<?xml version="1.0" encoding="UTF-8"?>
<!-- Generated by org.testng.reporters.JUnitReportReporter -->
<testsuite hostname="DESKTOP-UE4DDJG" failures="0" tests="3" name="com.verizon.dataprovider.DPApp2" time="0.017" errors="0" timestamp="2024-08-23T11:04:32 IST" skipped="0">
  <testcase classname="com.verizon.dataprovider.DPApp2" name="myTest" time="0.015"/>
  <system-out/>
  <testcase classname="com.verizon.dataprovider.DPApp2" name="myTest" time="0.001"/>
  <system-out/>
  <testcase classname="com.verizon.dataprovider.DPApp2" name="myTest" time="0.001"/>
  <system-out/>
</testsuite> <!-- com.verizon.dataprovider.DPApp2 -->
