<?xml version="1.0" encoding="UTF-8"?>
<!-- Generated by org.testng.reporters.JUnitReportReporter -->
<testsuite hostname="DESKTOP-UE4DDJG" failures="0" tests="2" name="com.verizon.dataprovider.DPApp1" time="0.011" errors="0" timestamp="2024-08-23T11:02:21 IST" skipped="0">
  <testcase classname="com.verizon.dataprovider.DPApp1" name="myTest" time="0.010"/>
  <system-out/>
  <testcase classname="com.verizon.dataprovider.DPApp1" name="myTest" time="0.001"/>
  <system-out/>
</testsuite> <!-- com.verizon.dataprovider.DPApp1 -->
