<?xml version="1.0" encoding="UTF-8"?>
<!-- Generated by org.testng.reporters.JUnitReportReporter -->
<testsuite hostname="DESKTOP-UE4DDJG" failures="0" tests="1" name="com.com.verizon.SumTest" time="0.001" errors="0" timestamp="2024-08-23T10:35:41 IST" skipped="0">
  <testcase classname="com.com.verizon.SumTest" name="f" time="0.001"/>
  <system-out/>
</testsuite> <!-- com.com.verizon.SumTest -->
