<?xml version="1.0" encoding="UTF-8"?>
<!-- Generated by org.testng.reporters.JUnitReportReporter -->
<testsuite hostname="DESKTOP-UE4DDJG" failures="0" tests="3" name="com.com.verizon.ParameterTest" time="0.011" errors="0" timestamp="2024-08-23T10:27:56 IST" skipped="2">
  <testcase classname="com.com.verizon.ParameterTest" name="prameterTestTwo" time="0.011"/>
  <system-out/>
  <testcase classname="com.com.verizon.ParameterTest" name="prameterTestOne">
    <skipped/>
  </testcase> <!-- prameterTestOne -->
  <system-out/>
  <testcase classname="com.com.verizon.ParameterTest" name="prameterTestThree">
    <skipped/>
  </testcase> <!-- prameterTestThree -->
  <system-out/>
</testsuite> <!-- com.com.verizon.ParameterTest -->
