<?xml version="1.0" encoding="UTF-8"?>
<!-- Generated by org.testng.reporters.JUnitReportReporter -->
<testsuite hostname="DESKTOP-UE4DDJG" failures="0" tests="3" name="com.verizon.NewTest" time="0.009" errors="0" timestamp="2024-08-23T10:35:41 IST" skipped="0">
  <testcase classname="com.verizon.NewTest" name="f" time="0.008"/>
  <system-out/>
  <testcase classname="com.verizon.NewTest" name="f2" time="0.001"/>
  <system-out/>
  <testcase classname="com.verizon.NewTest" name="f1" time="0.000"/>
  <system-out/>
</testsuite> <!-- com.verizon.NewTest -->
