<?xml version="1.0" encoding="UTF-8"?>
<!-- Generated by org.testng.reporters.JUnitReportReporter -->
<testsuite hostname="DESKTOP-UE4DDJG" failures="0" tests="1" name="com.com.tms.PlanTest2" time="0.006" errors="0" timestamp="2024-08-23T10:15:38 IST" skipped="0">
  <testcase classname="com.com.tms.PlanTest2" name="f" time="0.006"/>
  <system-out/>
</testsuite> <!-- com.com.tms.PlanTest2 -->
